build/outputs/logs/manifest-merger-debug-report.txt
-- Merging decision tree log ---
manifest
ADDED from Android Studio Project\RestaurantApp\AndroidManifest.xml:2:1-50:12
	package
		ADDED from Android Studio Project\RestaurantApp\AndroidManifest.xml:3:5-44
	android:versionName
		ADDED from Android Studio Project\RestaurantApp\AndroidManifest.xml:5:5-30
		INJECTED from Android Studio Project\RestaurantApp\AndroidManifest.xml
		INJECTED from Android Studio Project\RestaurantApp\AndroidManifest.xml
	android:versionCode
		ADDED from Android Studio Project\RestaurantApp\AndroidManifest.xml:4:5-28
		INJECTED from Android Studio Project\RestaurantApp\AndroidManifest.xml
		INJECTED from Android Studio Project\RestaurantApp\AndroidManifest.xml
	xmlns:android
		ADDED from Android Studio Project\RestaurantApp\AndroidManifest.xml:2:11-69
uses-sdk
ADDED from Android Studio Project\RestaurantApp\AndroidManifest.xml:7:5-43
	android:minSdkVersion
		ADDED from Android Studio Project\RestaurantApp\AndroidManifest.xml:7:15-40
uses-permission#android.permission.INTERNET
ADDED from Android Studio Project\RestaurantApp\AndroidManifest.xml:9:1-63
	android:name
		ADDED from Android Studio Project\RestaurantApp\AndroidManifest.xml:9:18-60
uses-permission#android.permission.VIBRATE
ADDED from Android Studio Project\RestaurantApp\AndroidManifest.xml:10:1-62
	android:name
		ADDED from Android Studio Project\RestaurantApp\AndroidManifest.xml:10:18-59
uses-permission#android.permission.WRITE_EXTERNAL_STORAGE
ADDED from Android Studio Project\RestaurantApp\AndroidManifest.xml:11:1-77
	android:name
		ADDED from Android Studio Project\RestaurantApp\AndroidManifest.xml:11:18-74
uses-permission#android.permission.ACCESS_NETWORK_STATE
ADDED from Android Studio Project\RestaurantApp\AndroidManifest.xml:12:1-75
	android:name
		ADDED from Android Studio Project\RestaurantApp\AndroidManifest.xml:12:18-72
application
ADDED from Android Studio Project\RestaurantApp\AndroidManifest.xml:14:5-48:19
	android:label
		ADDED from Android Studio Project\RestaurantApp\AndroidManifest.xml:17:9-41
	android:icon
		ADDED from Android Studio Project\RestaurantApp\AndroidManifest.xml:16:9-38
	android:theme
		ADDED from Android Studio Project\RestaurantApp\AndroidManifest.xml:15:9-71
activity#com.comsats.restaurantandroid.activity.Splash
ADDED from Android Studio Project\RestaurantApp\AndroidManifest.xml:18:9-26:20
	android:label
		ADDED from Android Studio Project\RestaurantApp\AndroidManifest.xml:20:13-45
	android:name
		ADDED from Android Studio Project\RestaurantApp\AndroidManifest.xml:19:13-73
intent-filter#android.intent.action.MAIN+android.intent.category.LAUNCHER
ADDED from Android Studio Project\RestaurantApp\AndroidManifest.xml:21:13-25:29
action#android.intent.action.MAIN
ADDED from Android Studio Project\RestaurantApp\AndroidManifest.xml:22:17-69
	android:name
		ADDED from Android Studio Project\RestaurantApp\AndroidManifest.xml:22:25-66
category#android.intent.category.LAUNCHER
ADDED from Android Studio Project\RestaurantApp\AndroidManifest.xml:24:17-77
	android:name
		ADDED from Android Studio Project\RestaurantApp\AndroidManifest.xml:24:27-74
activity#com.comsats.restaurantandroid.activity.ApplicationMenu
ADDED from Android Studio Project\RestaurantApp\AndroidManifest.xml:27:9-71
	android:name
		ADDED from Android Studio Project\RestaurantApp\AndroidManifest.xml:27:19-59
activity#com.comsats.restaurantandroid.activity.Home
ADDED from Android Studio Project\RestaurantApp\AndroidManifest.xml:28:9-60
	android:name
		ADDED from Android Studio Project\RestaurantApp\AndroidManifest.xml:28:19-48
activity#com.comsats.restaurantandroid.activity.CategoriesList
ADDED from Android Studio Project\RestaurantApp\AndroidManifest.xml:29:9-112
	android:windowSoftInputMode
		ADDED from Android Studio Project\RestaurantApp\AndroidManifest.xml:29:59-100
	android:name
		ADDED from Android Studio Project\RestaurantApp\AndroidManifest.xml:29:19-58
activity#com.comsats.restaurantandroid.activity.DishesList
ADDED from Android Studio Project\RestaurantApp\AndroidManifest.xml:30:9-108
	android:windowSoftInputMode
		ADDED from Android Studio Project\RestaurantApp\AndroidManifest.xml:30:55-96
	android:name
		ADDED from Android Studio Project\RestaurantApp\AndroidManifest.xml:30:19-54
activity#com.comsats.restaurantandroid.activity.HotDishesList
ADDED from Android Studio Project\RestaurantApp\AndroidManifest.xml:31:9-111
	android:windowSoftInputMode
		ADDED from Android Studio Project\RestaurantApp\AndroidManifest.xml:31:58-99
	android:name
		ADDED from Android Studio Project\RestaurantApp\AndroidManifest.xml:31:19-57
activity#com.comsats.restaurantandroid.activity.Favourite
ADDED from Android Studio Project\RestaurantApp\AndroidManifest.xml:32:9-65
	android:name
		ADDED from Android Studio Project\RestaurantApp\AndroidManifest.xml:32:19-53
activity#com.comsats.restaurantandroid.activity.FavouriteDishesList
ADDED from Android Studio Project\RestaurantApp\AndroidManifest.xml:33:9-117
	android:windowSoftInputMode
		ADDED from Android Studio Project\RestaurantApp\AndroidManifest.xml:33:64-105
	android:name
		ADDED from Android Studio Project\RestaurantApp\AndroidManifest.xml:33:19-63
activity#com.comsats.restaurantandroid.activity.MostOrderedDishesList
ADDED from Android Studio Project\RestaurantApp\AndroidManifest.xml:34:9-119
	android:windowSoftInputMode
		ADDED from Android Studio Project\RestaurantApp\AndroidManifest.xml:34:66-107
	android:name
		ADDED from Android Studio Project\RestaurantApp\AndroidManifest.xml:34:19-65
activity#com.comsats.restaurantandroid.activity.DishDetail
ADDED from Android Studio Project\RestaurantApp\AndroidManifest.xml:35:9-66
	android:name
		ADDED from Android Studio Project\RestaurantApp\AndroidManifest.xml:35:19-54
activity#com.comsats.restaurantandroid.activity.Loading
ADDED from Android Studio Project\RestaurantApp\AndroidManifest.xml:36:9-63
	android:name
		ADDED from Android Studio Project\RestaurantApp\AndroidManifest.xml:36:19-51
activity#com.comsats.restaurantandroid.activity.Order
ADDED from Android Studio Project\RestaurantApp\AndroidManifest.xml:37:9-61
	android:name
		ADDED from Android Studio Project\RestaurantApp\AndroidManifest.xml:37:19-49
activity#com.comsats.restaurantandroid.activity.OrderBasket
ADDED from Android Studio Project\RestaurantApp\AndroidManifest.xml:38:9-67
	android:name
		ADDED from Android Studio Project\RestaurantApp\AndroidManifest.xml:38:19-55
activity#com.comsats.restaurantandroid.activity.RunningOrder
ADDED from Android Studio Project\RestaurantApp\AndroidManifest.xml:39:9-68
	android:name
		ADDED from Android Studio Project\RestaurantApp\AndroidManifest.xml:39:19-56
activity#com.comsats.restaurantandroid.activity.OrderHistoryTab
ADDED from Android Studio Project\RestaurantApp\AndroidManifest.xml:40:9-71
	android:name
		ADDED from Android Studio Project\RestaurantApp\AndroidManifest.xml:40:19-59
activity#com.comsats.restaurantandroid.activity.Contact
ADDED from Android Studio Project\RestaurantApp\AndroidManifest.xml:41:9-63
	android:name
		ADDED from Android Studio Project\RestaurantApp\AndroidManifest.xml:41:19-51
activity#com.comsats.restaurantandroid.activity.About
ADDED from Android Studio Project\RestaurantApp\AndroidManifest.xml:42:9-61
	android:name
		ADDED from Android Studio Project\RestaurantApp\AndroidManifest.xml:42:19-49
activity#com.comsats.restaurantandroid.activity.Feedback
ADDED from Android Studio Project\RestaurantApp\AndroidManifest.xml:43:9-64
	android:name
		ADDED from Android Studio Project\RestaurantApp\AndroidManifest.xml:43:19-52
activity#com.comsats.restaurantandroid.activity.PostFeedback
ADDED from Android Studio Project\RestaurantApp\AndroidManifest.xml:44:9-68
	android:name
		ADDED from Android Studio Project\RestaurantApp\AndroidManifest.xml:44:19-56
activity#com.comsats.restaurantandroid.activity.FeedbackHistoryTab
ADDED from Android Studio Project\RestaurantApp\AndroidManifest.xml:45:9-74
	android:name
		ADDED from Android Studio Project\RestaurantApp\AndroidManifest.xml:45:19-62
activity#com.comsats.restaurantandroid.activity.Greeting
ADDED from Android Studio Project\RestaurantApp\AndroidManifest.xml:46:9-64
	android:name
		ADDED from Android Studio Project\RestaurantApp\AndroidManifest.xml:46:19-52
activity#com.comsats.restaurantandroid.activity.PrefsActivity
ADDED from Android Studio Project\RestaurantApp\AndroidManifest.xml:47:9-69
	android:name
		ADDED from Android Studio Project\RestaurantApp\AndroidManifest.xml:47:19-57